生成启动时间为 12/22/2017 3:32:41 PM。
     1>项目“C:\Program Files\Teledyne DALSA\Sapera\Examples\NET\GigeCameraDemo20171108\GigeCameraDemo\GigeCameraDemo_2010.vcxproj”在节点 2 上(build 个目标)。
     1>InitializeBuildStatus:
         正在创建“Debug64\GigeCameraDemo.unsuccessfulbuild”，因为已指定“AlwaysCreate”。
       PreBuildEvent:
         if exist %SystemRoot%\SysWOW64 goto end
         echo (Sapera LT warning) Compiling a 64-bit configuration under 32-bit Windows
         :end
         
         :VCEnd
       ClCompile:
         C:\Program Files (x86)\Microsoft Visual Studio 10.0\VC\bin\x86_amd64\CL.exe /c /I. /I"C:\Program Files\Teledyne DALSA\Sapera\Include" /I"C:\Program Files\Teledyne DALSA\Sapera\Classes\Basic" /I"C:\Program Files\Teledyne DALSA\Sapera\Classes\Gui" /Zi /nologo /W4 /WX- /Od /D WIN32 /D _DEBUG /D _WINDOWS /D WINVER=0x0501 /D _WIN32_WINNT=0x0501 /D _VC80_UPGRADE=0x0710 /D _AFXDLL /Gm- /EHsc /MDd /GS /fp:precise /Zc:wchar_t /Zc:forScope /Fo".\Debug64\\" /Fd".\Debug64\vc100.pdb" /Gd /TP /errorReport:prompt GigeCameraDemoDlg.cpp
         GigeCameraDemoDlg.cpp
     1>GigeCameraDemoDlg.cpp(443): warning C4189: “pDlg”: 局部变量已初始化但不引用
     1>GigeCameraDemoDlg.cpp(617): warning C4244: “=”: 从“time_t”转换到“double”，可能丢失数据
     1>GigeCameraDemoDlg.cpp(590): warning C4101: “time”: 未引用的局部变量
     1>GigeCameraDemoDlg.cpp(763): warning C4244: “=”: 从“time_t”转换到“double”，可能丢失数据
     1>GigeCameraDemoDlg.cpp(732): warning C4101: “time”: 未引用的局部变量
     1>GigeCameraDemoDlg.cpp(886): warning C4995: “sprintf”: 名称被标记为 #pragma deprecated
     1>GigeCameraDemoDlg.cpp(886): warning C4996: 'sprintf': This function or variable may be unsafe. Consider using sprintf_s instead. To disable deprecation, use _CRT_SECURE_NO_WARNINGS. See online help for details.
                 C:\Program Files (x86)\Microsoft Visual Studio 10.0\VC\include\stdio.h(371) : 参见“sprintf”的声明
     1>GigeCameraDemoDlg.cpp(889): warning C4244: “=”: 从“time_t”转换到“double”，可能丢失数据
     1>GigeCameraDemoDlg.cpp(850): warning C4101: “iCounter”: 未引用的局部变量
     1>GigeCameraDemoDlg.cpp(855): warning C4101: “ch_tmp”: 未引用的局部变量
     1>GigeCameraDemoDlg.cpp(947): warning C4995: “sprintf”: 名称被标记为 #pragma deprecated
     1>GigeCameraDemoDlg.cpp(947): warning C4996: 'sprintf': This function or variable may be unsafe. Consider using sprintf_s instead. To disable deprecation, use _CRT_SECURE_NO_WARNINGS. See online help for details.
                 C:\Program Files (x86)\Microsoft Visual Studio 10.0\VC\include\stdio.h(371) : 参见“sprintf”的声明
     1>GigeCameraDemoDlg.cpp(950): warning C4244: “=”: 从“time_t”转换到“double”，可能丢失数据
     1>GigeCameraDemoDlg.cpp(907): warning C4101: “iCounter”: 未引用的局部变量
     1>GigeCameraDemoDlg.cpp(1012): warning C4267: “初始化”: 从“size_t”转换到“unsigned int”，可能丢失数据
     1>GigeCameraDemoDlg.cpp(1046): warning C4189: “hFile”: 局部变量已初始化但不引用
     1>GigeCameraDemoDlg.cpp(1075): warning C4244: “=”: 从“UINT”转换到“BYTE”，可能丢失数据
     1>GigeCameraDemoDlg.cpp(1089): warning C4244: “=”: 从“UINT”转换到“BYTE”，可能丢失数据
     1>GigeCameraDemoDlg.cpp(1145): warning C4101: “msg”: 未引用的局部变量
     1>GigeCameraDemoDlg.cpp(1410): warning C4101: “s”: 未引用的局部变量
     1>GigeCameraDemoDlg.cpp(1253): warning C4189: “bb”: 局部变量已初始化但不引用
     1>GigeCameraDemoDlg.cpp(1434): warning C4101: “DeviceName”: 未引用的局部变量
     1>GigeCameraDemoDlg.cpp(1948): warning C4189: “bNoGrab”: 局部变量已初始化但不引用
     1>GigeCameraDemoDlg.cpp(2071): warning C4189: “iValue”: 局部变量已初始化但不引用
     1>GigeCameraDemoDlg.cpp(2063): warning C4189: “iCameraCount”: 局部变量已初始化但不引用
     1>GigeCameraDemoDlg.cpp(2066): warning C4189: “pRecordSavePath”: 局部变量已初始化但不引用
     1>GigeCameraDemoDlg.cpp(2065): warning C4189: “pImageSavePath”: 局部变量已初始化但不引用
     1>GigeCameraDemoDlg.cpp(2068): warning C4189: “pString”: 局部变量已初始化但不引用
     1>GigeCameraDemoDlg.cpp(2070): warning C4189: “bExist”: 局部变量已初始化但不引用
     1>GigeCameraDemoDlg.cpp(2141): warning C4189: “pDir”: 局部变量已初始化但不引用
     1>GigeCameraDemoDlg.cpp(2140): warning C4189: “iValue”: 局部变量已初始化但不引用
     1>GigeCameraDemoDlg.cpp(2136): warning C4189: “pConfigPath”: 局部变量已初始化但不引用
     1>GigeCameraDemoDlg.cpp(2133): warning C4101: “chPath”: 未引用的局部变量
     1>GigeCameraDemoDlg.cpp(2135): warning C4189: “pRecordSavePath”: 局部变量已初始化但不引用
     1>GigeCameraDemoDlg.cpp(2134): warning C4189: “pImageSavePath”: 局部变量已初始化但不引用
     1>GigeCameraDemoDlg.cpp(2137): warning C4189: “pString”: 局部变量已初始化但不引用
     1>GigeCameraDemoDlg.cpp(2139): warning C4189: “bExist”: 局部变量已初始化但不引用
     1>GigeCameraDemoDlg.cpp(2226): warning C4305: “=”: 从“double”到“float”截断
     1>GigeCameraDemoDlg.cpp(2227): warning C4305: “=”: 从“double”到“float”截断
     1>GigeCameraDemoDlg.cpp(2235): warning C4101: “word”: 未引用的局部变量
     1>GigeCameraDemoDlg.cpp(2240): warning C4189: “n”: 局部变量已初始化但不引用
     1>GigeCameraDemoDlg.cpp(2236): warning C4101: “word_1”: 未引用的局部变量
     1>GigeCameraDemoDlg.cpp(2237): warning C4101: “word_2”: 未引用的局部变量
     1>GigeCameraDemoDlg.cpp(2541): warning C4101: “cx”: 未引用的局部变量
     1>GigeCameraDemoDlg.cpp(2541): warning C4101: “cy”: 未引用的局部变量
       ResourceCompile:
         所有输出均为最新。
     1>项目“C:\Program Files\Teledyne DALSA\Sapera\Examples\NET\GigeCameraDemo20171108\GigeCameraDemo\GigeCameraDemo_2010.vcxproj”(1)正在节点 3 上生成“C:\Program Files\Teledyne DALSA\Sapera\Classes\Gui\SapClassGui_2010.vcxproj”(2:3) (GetResolvedLinkLibs 个目标)。
     2>C:\Windows\Microsoft.NET\Framework\v4.0.30319\Microsoft.Common.Targets(1200,9): warning : The referenced project '..\..\Source\CorAPI\Win32\CorApi_2010.vcxproj' does not exist.
     2>C:\Windows\Microsoft.NET\Framework\v4.0.30319\Microsoft.Common.Targets(1200,9): warning : The referenced project '..\Basic\SapClassBasic_2010.vcxproj' does not exist.
     2>已完成生成项目“C:\Program Files\Teledyne DALSA\Sapera\Classes\Gui\SapClassGui_2010.vcxproj”(GetResolvedLinkLibs 个目标)的操作。
     1>Link:
         C:\Program Files (x86)\Microsoft Visual Studio 10.0\VC\bin\x86_amd64\link.exe /ERRORREPORT:PROMPT /OUT:"Debug64\GigeCameraDemo.exe" /INCREMENTAL /NOLOGO /LIBPATH:"C:\Program Files\Teledyne DALSA\Sapera\Lib\Win64\VS2010" /LIBPATH:"C:\Program Files\Teledyne DALSA\Sapera\Lib\Win64" SapClassBasic.lib SapClassGuiD.lib ZLBImage.lib ZLBCommon.lib /MANIFEST /ManifestFile:"Debug64\GigeCameraDemo.exe.intermediate.manifest" /MANIFESTUAC:"level='asInvoker' uiAccess='false'" /DEBUG /PDB:".\Debug64\GigeCameraDemo.pdb" /MAP /SUBSYSTEM:WINDOWS /LARGEADDRESSAWARE /TLBID:1 /DYNAMICBASE /NXCOMPAT /IMPLIB:"Debug64\GigeCameraDemo.lib" /MACHINE:X64 Debug64\GigeCameraDemo.res
         .\Debug64\GigeCameraDemo.obj
         .\Debug64\GigeCameraDemoDlg.obj
         .\Debug64\InputDialog.obj
         .\Debug64\MessageDialog.obj
         .\Debug64\SerialPort.obj
         .\Debug64\SplashWnd.obj
         .\Debug64\StdAfx.obj
         GigeCameraDemo_2010.vcxproj -> C:\Program Files\Teledyne DALSA\Sapera\Examples\NET\GigeCameraDemo20171108\GigeCameraDemo\Debug64\GigeCameraDemo.exe
       Manifest:
         C:\Program Files (x86)\Microsoft SDKs\Windows\v7.0A\bin\mt.exe /nologo /verbose /out:"C:\Program Files\Teledyne DALSA\Sapera\Examples\NET\GigeCameraDemo20171108\GigeCameraDemo\Debug64\GigeCameraDemo.exe.manifest" /manifest Debug64\GigeCameraDemo.exe.intermediate.manifest "C:\Program Files (x86)\Microsoft Visual Studio 10.0\VC\Include\Manifest\dpiaware.manifest"
       FinalizeBuildStatus:
         正在删除文件“Debug64\GigeCameraDemo.unsuccessfulbuild”。
         正在对“Debug64\GigeCameraDemo.lastbuildstate”执行 Touch 任务。
     1>已完成生成项目“C:\Program Files\Teledyne DALSA\Sapera\Examples\NET\GigeCameraDemo20171108\GigeCameraDemo\GigeCameraDemo_2010.vcxproj”(build 个目标)的操作。

生成成功。

已用时间 00:00:02.07
