C:\Program Files\Teledyne DALSA\Sapera\Examples\NET\GigeCameraDemo\Debug64\cl.command.1.tlog
C:\Program Files\Teledyne DALSA\Sapera\Examples\NET\GigeCameraDemo\Debug64\CL.read.1.tlog
C:\Program Files\Teledyne DALSA\Sapera\Examples\NET\GigeCameraDemo\Debug64\CL.write.1.tlog
C:\Program Files\Teledyne DALSA\Sapera\Examples\NET\GigeCameraDemo\Debug64\GigeCameraDemo.exe
C:\Program Files\Teledyne DALSA\Sapera\Examples\NET\GigeCameraDemo\Debug64\GigeCameraDemo.exe.intermediate.manifest
C:\Program Files\Teledyne DALSA\Sapera\Examples\NET\GigeCameraDemo\Debug64\GigeCameraDemo.exe.manifest
C:\Program Files\Teledyne DALSA\Sapera\Examples\NET\GigeCameraDemo\Debug64\GigeCameraDemo.ilk
C:\Program Files\Teledyne DALSA\Sapera\Examples\NET\GigeCameraDemo\Debug64\GigeCameraDemo.obj
C:\Program Files\Teledyne DALSA\Sapera\Examples\NET\GigeCameraDemo\Debug64\GigeCameraDemo.pdb
C:\Program Files\Teledyne DALSA\Sapera\Examples\NET\GigeCameraDemo\Debug64\GigeCameraDemo.res
C:\Program Files\Teledyne DALSA\Sapera\Examples\NET\GigeCameraDemo\Debug64\GigeCameraDemo.write.1.tlog
C:\Program Files\Teledyne DALSA\Sapera\Examples\NET\GigeCameraDemo\Debug64\GigeCameraDemoDlg.obj
C:\Program Files\Teledyne DALSA\Sapera\Examples\NET\GigeCameraDemo\Debug64\InputDialog.obj
C:\Program Files\Teledyne DALSA\Sapera\Examples\NET\GigeCameraDemo\Debug64\link.command.1.tlog
C:\Program Files\Teledyne DALSA\Sapera\Examples\NET\GigeCameraDemo\Debug64\link.read.1.tlog
C:\Program Files\Teledyne DALSA\Sapera\Examples\NET\GigeCameraDemo\Debug64\link.write.1.tlog
C:\Program Files\Teledyne DALSA\Sapera\Examples\NET\GigeCameraDemo\Debug64\link-cvtres.read.1.tlog
C:\Program Files\Teledyne DALSA\Sapera\Examples\NET\GigeCameraDemo\Debug64\link-cvtres.write.1.tlog
C:\Program Files\Teledyne DALSA\Sapera\Examples\NET\GigeCameraDemo\Debug64\MessageDialog.obj
C:\Program Files\Teledyne DALSA\Sapera\Examples\NET\GigeCameraDemo\Debug64\mt.command.1.tlog
C:\Program Files\Teledyne DALSA\Sapera\Examples\NET\GigeCameraDemo\Debug64\mt.read.1.tlog
C:\Program Files\Teledyne DALSA\Sapera\Examples\NET\GigeCameraDemo\Debug64\mt.write.1.tlog
C:\Program Files\Teledyne DALSA\Sapera\Examples\NET\GigeCameraDemo\Debug64\rc.command.1.tlog
C:\Program Files\Teledyne DALSA\Sapera\Examples\NET\GigeCameraDemo\Debug64\rc.read.1.tlog
C:\Program Files\Teledyne DALSA\Sapera\Examples\NET\GigeCameraDemo\Debug64\rc.write.1.tlog
C:\Program Files\Teledyne DALSA\Sapera\Examples\NET\GigeCameraDemo\Debug64\SerialPort.obj
C:\Program Files\Teledyne DALSA\Sapera\Examples\NET\GigeCameraDemo\Debug64\SplashWnd.obj
C:\Program Files\Teledyne DALSA\Sapera\Examples\NET\GigeCameraDemo\Debug64\StdAfx.obj
C:\Program Files\Teledyne DALSA\Sapera\Examples\NET\GigeCameraDemo\Debug64\vc100.pdb
C:\USERS\DIDI\DESKTOP\AA\GIGECAMERA20180120\GIGECAMERADEMO\DEBUG64\GIGECAMERADEMO.EXE
C:\USERS\DIDI\DESKTOP\AA\GIGECAMERA20180120\GIGECAMERADEMO\DEBUG64\GIGECAMERADEMO.EXE.INTERMEDIATE.MANIFEST
C:\USERS\DIDI\DESKTOP\AA\GIGECAMERA20180120\GIGECAMERADEMO\DEBUG64\GIGECAMERADEMO.EXE.MANIFEST
C:\USERS\DIDI\DESKTOP\AA\GIGECAMERA20180120\GIGECAMERADEMO\DEBUG64\GIGECAMERADEMO.ILK
C:\USERS\DIDI\DESKTOP\AA\GIGECAMERA20180120\GIGECAMERADEMO\DEBUG64\GIGECAMERADEMO.MAP
C:\USERS\DIDI\DESKTOP\AA\GIGECAMERA20180120\GIGECAMERADEMO\DEBUG64\GIGECAMERADEMO.OBJ
C:\USERS\DIDI\DESKTOP\AA\GIGECAMERA20180120\GIGECAMERADEMO\DEBUG64\GIGECAMERADEMO.PDB
C:\USERS\DIDI\DESKTOP\AA\GIGECAMERA20180120\GIGECAMERADEMO\DEBUG64\GIGECAMERADEMO.RES
C:\USERS\DIDI\DESKTOP\AA\GIGECAMERA20180120\GIGECAMERADEMO\DEBUG64\GIGECAMERADEMODLG.OBJ
C:\USERS\DIDI\DESKTOP\AA\GIGECAMERA20180120\GIGECAMERADEMO\DEBUG64\INPUTDIALOG.OBJ
C:\USERS\DIDI\DESKTOP\AA\GIGECAMERA20180120\GIGECAMERADEMO\DEBUG64\MESSAGEDIALOG.OBJ
C:\USERS\DIDI\DESKTOP\AA\GIGECAMERA20180120\GIGECAMERADEMO\DEBUG64\SERIALPORT.OBJ
C:\USERS\DIDI\DESKTOP\AA\GIGECAMERA20180120\GIGECAMERADEMO\DEBUG64\SPLASHWND.OBJ
C:\USERS\DIDI\DESKTOP\AA\GIGECAMERA20180120\GIGECAMERADEMO\DEBUG64\STDAFX.OBJ
C:\USERS\DIDI\DESKTOP\AA\GIGECAMERA20180120\GIGECAMERADEMO\DEBUG64\VC100.PDB
Debug64\GigeCameraDemo.ilk
Debug64\GigeCameraDemo.pdb
